<?xml version="1.0" encoding="UTF-8"?>
<testng-results skipped="2" failed="1" ignored="0" total="4" passed="1">
  <reporter-output>
    <line>
      <![CDATA[Test Passed :: Verified incorrect old password]]>
    </line>
  </reporter-output>
  <suite name="Suite" duration-ms="18544" started-at="2019-09-18T19:12:32Z" finished-at="2019-09-18T19:12:50Z">
    <groups>
    </groups>
    <test name="Smoke" duration-ms="18544" started-at="2019-09-18T19:12:32Z" finished-at="2019-09-18T19:12:50Z">
      <class name="com.guru99bank.web.ChangePasswordPageTest">
        <test-method status="PASS" signature="launch()[pri:0, instance:com.guru99bank.web.ChangePasswordPageTest@1e66f1f5]" name="launch" is-config="true" duration-ms="12698" started-at="2019-09-18T19:12:32Z" finished-at="2019-09-18T19:12:44Z">
          <reporter-output>
          </reporter-output>
        </test-method> <!-- launch -->
        <test-method status="PASS" signature="clearFileds()[pri:0, instance:com.guru99bank.web.ChangePasswordPageTest@1e66f1f5]" name="clearFileds" is-config="true" duration-ms="321" started-at="2019-09-18T19:12:44Z" finished-at="2019-09-18T19:12:45Z">
          <reporter-output>
          </reporter-output>
        </test-method> <!-- clearFileds -->
        <test-method status="PASS" signature="verifyInocrrectOldPassword()[pri:1, instance:com.guru99bank.web.ChangePasswordPageTest@1e66f1f5]" name="verifyInocrrectOldPassword" duration-ms="1355" started-at="2019-09-18T19:12:45Z" finished-at="2019-09-18T19:12:46Z">
          <reporter-output>
            <line>
              <![CDATA[Test Passed :: Verified incorrect old password]]>
            </line>
          </reporter-output>
        </test-method> <!-- verifyInocrrectOldPassword -->
        <test-method status="PASS" signature="clearFileds()[pri:0, instance:com.guru99bank.web.ChangePasswordPageTest@1e66f1f5]" name="clearFileds" is-config="true" duration-ms="547" started-at="2019-09-18T19:12:46Z" finished-at="2019-09-18T19:12:47Z">
          <reporter-output>
          </reporter-output>
        </test-method> <!-- clearFileds -->
        <test-method status="SKIP" signature="verifyUpdatePassword()[pri:2, instance:com.guru99bank.web.ChangePasswordPageTest@1e66f1f5]" name="verifyUpdatePassword" duration-ms="818" started-at="2019-09-18T19:12:47Z" finished-at="2019-09-18T19:12:47Z">
          <exception class="java.lang.AssertionError">
            <message>
              <![CDATA[expected [Password is Changed] but found [Please fill all fields]]]>
            </message>
            <full-stacktrace>
              <![CDATA[java.lang.AssertionError: expected [Password is Changed] but found [Please fill all fields]
at org.testng.Assert.fail(Assert.java:96)
at org.testng.Assert.failNotEquals(Assert.java:776)
at org.testng.Assert.assertEqualsImpl(Assert.java:137)
at org.testng.Assert.assertEquals(Assert.java:118)
at org.testng.Assert.assertEquals(Assert.java:453)
at org.testng.Assert.assertEquals(Assert.java:463)
at com.guru99bank.web.ChangePasswordPageTest.verifyUpdatePassword(ChangePasswordPageTest.java:61)
at sun.reflect.NativeMethodAccessorImpl.invoke0(Native Method)
at sun.reflect.NativeMethodAccessorImpl.invoke(NativeMethodAccessorImpl.java:62)
at sun.reflect.DelegatingMethodAccessorImpl.invoke(DelegatingMethodAccessorImpl.java:43)
at java.lang.reflect.Method.invoke(Method.java:498)
at org.testng.internal.MethodInvocationHelper.invokeMethod(MethodInvocationHelper.java:124)
at org.testng.internal.Invoker.invokeMethod(Invoker.java:583)
at org.testng.internal.Invoker.invokeTestMethod(Invoker.java:719)
at org.testng.internal.Invoker.invokeTestMethods(Invoker.java:989)
at org.testng.internal.TestMethodWorker.invokeTestMethods(TestMethodWorker.java:125)
at org.testng.internal.TestMethodWorker.run(TestMethodWorker.java:109)
at org.testng.TestRunner.privateRun(TestRunner.java:648)
at org.testng.TestRunner.run(TestRunner.java:505)
at org.testng.SuiteRunner.runTest(SuiteRunner.java:455)
at org.testng.SuiteRunner.runSequentially(SuiteRunner.java:450)
at org.testng.SuiteRunner.privateRun(SuiteRunner.java:415)
at org.testng.SuiteRunner.run(SuiteRunner.java:364)
at org.testng.SuiteRunnerWorker.runSuite(SuiteRunnerWorker.java:52)
at org.testng.SuiteRunnerWorker.run(SuiteRunnerWorker.java:84)
at org.testng.TestNG.runSuitesSequentially(TestNG.java:1208)
at org.testng.TestNG.runSuitesLocally(TestNG.java:1137)
at org.testng.TestNG.runSuites(TestNG.java:1049)
at org.testng.TestNG.run(TestNG.java:1017)
at org.testng.remote.AbstractRemoteTestNG.run(AbstractRemoteTestNG.java:115)
at org.testng.remote.RemoteTestNG.initAndRun(RemoteTestNG.java:251)
at org.testng.remote.RemoteTestNG.main(RemoteTestNG.java:77)
]]>
            </full-stacktrace>
          </exception> <!-- java.lang.AssertionError -->
          <reporter-output>
          </reporter-output>
        </test-method> <!-- verifyUpdatePassword -->
        <test-method status="PASS" signature="clearFileds()[pri:0, instance:com.guru99bank.web.ChangePasswordPageTest@1e66f1f5]" name="clearFileds" is-config="true" duration-ms="166" started-at="2019-09-18T19:12:47Z" finished-at="2019-09-18T19:12:48Z">
          <reporter-output>
          </reporter-output>
        </test-method> <!-- clearFileds -->
        <test-method status="SKIP" signature="verifyUpdatePassword()[pri:2, instance:com.guru99bank.web.ChangePasswordPageTest@1e66f1f5]" name="verifyUpdatePassword" duration-ms="622" started-at="2019-09-18T19:12:48Z" finished-at="2019-09-18T19:12:48Z">
          <exception class="java.lang.AssertionError">
            <message>
              <![CDATA[expected [Password is Changed] but found [Please fill all fields]]]>
            </message>
            <full-stacktrace>
              <![CDATA[java.lang.AssertionError: expected [Password is Changed] but found [Please fill all fields]
at org.testng.Assert.fail(Assert.java:96)
at org.testng.Assert.failNotEquals(Assert.java:776)
at org.testng.Assert.assertEqualsImpl(Assert.java:137)
at org.testng.Assert.assertEquals(Assert.java:118)
at org.testng.Assert.assertEquals(Assert.java:453)
at org.testng.Assert.assertEquals(Assert.java:463)
at com.guru99bank.web.ChangePasswordPageTest.verifyUpdatePassword(ChangePasswordPageTest.java:61)
at sun.reflect.NativeMethodAccessorImpl.invoke0(Native Method)
at sun.reflect.NativeMethodAccessorImpl.invoke(NativeMethodAccessorImpl.java:62)
at sun.reflect.DelegatingMethodAccessorImpl.invoke(DelegatingMethodAccessorImpl.java:43)
at java.lang.reflect.Method.invoke(Method.java:498)
at org.testng.internal.MethodInvocationHelper.invokeMethod(MethodInvocationHelper.java:124)
at org.testng.internal.Invoker.invokeMethod(Invoker.java:583)
at org.testng.internal.Invoker.retryFailed(Invoker.java:839)
at org.testng.internal.Invoker.invokeTestMethods(Invoker.java:1010)
at org.testng.internal.TestMethodWorker.invokeTestMethods(TestMethodWorker.java:125)
at org.testng.internal.TestMethodWorker.run(TestMethodWorker.java:109)
at org.testng.TestRunner.privateRun(TestRunner.java:648)
at org.testng.TestRunner.run(TestRunner.java:505)
at org.testng.SuiteRunner.runTest(SuiteRunner.java:455)
at org.testng.SuiteRunner.runSequentially(SuiteRunner.java:450)
at org.testng.SuiteRunner.privateRun(SuiteRunner.java:415)
at org.testng.SuiteRunner.run(SuiteRunner.java:364)
at org.testng.SuiteRunnerWorker.runSuite(SuiteRunnerWorker.java:52)
at org.testng.SuiteRunnerWorker.run(SuiteRunnerWorker.java:84)
at org.testng.TestNG.runSuitesSequentially(TestNG.java:1208)
at org.testng.TestNG.runSuitesLocally(TestNG.java:1137)
at org.testng.TestNG.runSuites(TestNG.java:1049)
at org.testng.TestNG.run(TestNG.java:1017)
at org.testng.remote.AbstractRemoteTestNG.run(AbstractRemoteTestNG.java:115)
at org.testng.remote.RemoteTestNG.initAndRun(RemoteTestNG.java:251)
at org.testng.remote.RemoteTestNG.main(RemoteTestNG.java:77)
]]>
            </full-stacktrace>
          </exception> <!-- java.lang.AssertionError -->
          <reporter-output>
          </reporter-output>
        </test-method> <!-- verifyUpdatePassword -->
        <test-method status="PASS" signature="clearFileds()[pri:0, instance:com.guru99bank.web.ChangePasswordPageTest@1e66f1f5]" name="clearFileds" is-config="true" duration-ms="198" started-at="2019-09-18T19:12:48Z" finished-at="2019-09-18T19:12:48Z">
          <reporter-output>
          </reporter-output>
        </test-method> <!-- clearFileds -->
        <test-method status="FAIL" signature="verifyUpdatePassword()[pri:2, instance:com.guru99bank.web.ChangePasswordPageTest@1e66f1f5]" name="verifyUpdatePassword" duration-ms="555" started-at="2019-09-18T19:12:48Z" finished-at="2019-09-18T19:12:49Z">
          <exception class="java.lang.AssertionError">
            <message>
              <![CDATA[expected [Password is Changed] but found [Please fill all fields]]]>
            </message>
            <full-stacktrace>
              <![CDATA[java.lang.AssertionError: expected [Password is Changed] but found [Please fill all fields]
at org.testng.Assert.fail(Assert.java:96)
at org.testng.Assert.failNotEquals(Assert.java:776)
at org.testng.Assert.assertEqualsImpl(Assert.java:137)
at org.testng.Assert.assertEquals(Assert.java:118)
at org.testng.Assert.assertEquals(Assert.java:453)
at org.testng.Assert.assertEquals(Assert.java:463)
at com.guru99bank.web.ChangePasswordPageTest.verifyUpdatePassword(ChangePasswordPageTest.java:61)
at sun.reflect.NativeMethodAccessorImpl.invoke0(Native Method)
at sun.reflect.NativeMethodAccessorImpl.invoke(NativeMethodAccessorImpl.java:62)
at sun.reflect.DelegatingMethodAccessorImpl.invoke(DelegatingMethodAccessorImpl.java:43)
at java.lang.reflect.Method.invoke(Method.java:498)
at org.testng.internal.MethodInvocationHelper.invokeMethod(MethodInvocationHelper.java:124)
at org.testng.internal.Invoker.invokeMethod(Invoker.java:583)
at org.testng.internal.Invoker.retryFailed(Invoker.java:839)
at org.testng.internal.Invoker.invokeTestMethods(Invoker.java:1010)
at org.testng.internal.TestMethodWorker.invokeTestMethods(TestMethodWorker.java:125)
at org.testng.internal.TestMethodWorker.run(TestMethodWorker.java:109)
at org.testng.TestRunner.privateRun(TestRunner.java:648)
at org.testng.TestRunner.run(TestRunner.java:505)
at org.testng.SuiteRunner.runTest(SuiteRunner.java:455)
at org.testng.SuiteRunner.runSequentially(SuiteRunner.java:450)
at org.testng.SuiteRunner.privateRun(SuiteRunner.java:415)
at org.testng.SuiteRunner.run(SuiteRunner.java:364)
at org.testng.SuiteRunnerWorker.runSuite(SuiteRunnerWorker.java:52)
at org.testng.SuiteRunnerWorker.run(SuiteRunnerWorker.java:84)
at org.testng.TestNG.runSuitesSequentially(TestNG.java:1208)
at org.testng.TestNG.runSuitesLocally(TestNG.java:1137)
at org.testng.TestNG.runSuites(TestNG.java:1049)
at org.testng.TestNG.run(TestNG.java:1017)
at org.testng.remote.AbstractRemoteTestNG.run(AbstractRemoteTestNG.java:115)
at org.testng.remote.RemoteTestNG.initAndRun(RemoteTestNG.java:251)
at org.testng.remote.RemoteTestNG.main(RemoteTestNG.java:77)
]]>
            </full-stacktrace>
          </exception> <!-- java.lang.AssertionError -->
          <reporter-output>
          </reporter-output>
        </test-method> <!-- verifyUpdatePassword -->
        <test-method status="PASS" signature="dismental()[pri:0, instance:com.guru99bank.web.ChangePasswordPageTest@1e66f1f5]" name="dismental" is-config="true" duration-ms="739" started-at="2019-09-18T19:12:49Z" finished-at="2019-09-18T19:12:50Z">
          <reporter-output>
          </reporter-output>
        </test-method> <!-- dismental -->
      </class> <!-- com.guru99bank.web.ChangePasswordPageTest -->
    </test> <!-- Smoke -->
  </suite> <!-- Suite -->
</testng-results>
