<?xml version="1.0" encoding="UTF-8"?>
<!-- Generated by org.testng.reporters.JUnitXMLReporter -->
<testsuite hostname="L480-GUPATIL" ignored="0" name="parallelTest" tests="4" failures="0" timestamp="14 Sep 2019 14:11:56 GMT" time="21.009" errors="0">
  <testcase name="verifyLogin" time="1.015" classname="com.guru99bank.web.LoginPageTest"/>
  <testcase name="verifyLogin" time="2.997" classname="com.guru99bank.web.LoginPageTest"/>
  <testcase name="verifyLogin" time="3.05" classname="com.guru99bank.web.LoginPageTest"/>
  <testcase name="verifyLogin" time="3.207" classname="com.guru99bank.web.LoginPageTest"/>
</testsuite> <!-- parallelTest -->
