<?xml version="1.0" encoding="UTF-8"?>
<!-- Generated by org.testng.reporters.JUnitXMLReporter -->
<testsuite hostname="L480-GUPATIL" ignored="0" name="parallelTest" tests="4" failures="0" timestamp="14 Sep 2019 13:50:32 GMT" time="30.111" errors="0">
  <testcase name="verifyLogin" time="1.095" classname="com.guru99bank.web.LoginPageTest"/>
  <testcase name="verifyLogin" time="3.806" classname="com.guru99bank.web.LoginPageTest"/>
  <testcase name="verifyLogin" time="3.107" classname="com.guru99bank.web.LoginPageTest"/>
  <testcase name="verifyLogin" time="2.999" classname="com.guru99bank.web.LoginPageTest"/>
</testsuite> <!-- parallelTest -->
