<?xml version="1.0" encoding="UTF-8"?>
<!-- Generated by org.testng.reporters.JUnitXMLReporter -->
<testsuite hostname="L480-GUPATIL" ignored="0" name="Smoke" tests="4" failures="1" timestamp="18 Sep 2019 10:57:48 GMT" time="19.851" errors="0">
  <testcase name="verifyInocrrectOldPassword" time="1.523" classname="com.guru99bank.web.ChangePasswordPageTest"/>
  <testcase name="verifyUpdatePassword" time="1.254" classname="com.guru99bank.web.ChangePasswordPageTest">
    <skipped/>
  </testcase> <!-- verifyUpdatePassword -->
  <testcase name="verifyUpdatePassword" time="0.618" classname="com.guru99bank.web.ChangePasswordPageTest">
    <skipped/>
  </testcase> <!-- verifyUpdatePassword -->
  <testcase name="verifyUpdatePassword" time="0.486" classname="com.guru99bank.web.ChangePasswordPageTest">
    <failure type="java.lang.AssertionError" message="expected [Password is Changed] but found [Please fill all fields]">
      <![CDATA[java.lang.AssertionError: expected [Password is Changed] but found [Please fill all fields]
at com.guru99bank.web.ChangePasswordPageTest.verifyUpdatePassword(ChangePasswordPageTest.java:53)
... Removed 31 stack frames]]>
    </failure>
  </testcase> <!-- verifyUpdatePassword -->
</testsuite> <!-- Smoke -->
