<?xml version="1.0" encoding="UTF-8"?>
<!-- Generated by org.testng.reporters.JUnitXMLReporter -->
<testsuite hostname="L480-GUPATIL" ignored="0" name="Default test" tests="4" failures="0" timestamp="02 Sep 2019 10:09:29 GMT" time="22.219" errors="0">
  <testcase name="verifyLogin" time="0.838" classname="com.guru99bank.web.LoginPageTest"/>
  <testcase name="verifyLogin" time="3.219" classname="com.guru99bank.web.LoginPageTest"/>
  <testcase name="verifyLogin" time="3.512" classname="com.guru99bank.web.LoginPageTest"/>
  <testcase name="verifyLogin" time="4.61" classname="com.guru99bank.web.LoginPageTest"/>
</testsuite> <!-- Default test -->
