<?xml version="1.0" encoding="UTF-8"?>
<!-- Generated by org.testng.reporters.JUnitXMLReporter -->
<testsuite hostname="L480-GUPATIL" ignored="0" name="Verify Login Feature" tests="10" failures="0" timestamp="20 Sep 2019 12:39:05 GMT" time="37.765" errors="0">
  <testcase name="validateUserIDRequiredMessage" time="0.201" classname="com.guru99bank.web.LoginPageTest"/>
  <testcase name="validatePasswordRequiredMessage" time="0.089" classname="com.guru99bank.web.LoginPageTest"/>
  <testcase name="validateResetBtn" time="0.351" classname="com.guru99bank.web.LoginPageTest"/>
  <testcase name="verifyInvalidLogin" time="1.037" classname="com.guru99bank.web.LoginPageTest"/>
  <testcase name="verifyInvalidLogin" time="3.644" classname="com.guru99bank.web.LoginPageTest"/>
  <testcase name="verifyInvalidLogin" time="3.481" classname="com.guru99bank.web.LoginPageTest"/>
  <testcase name="verifyInvalidLogin" time="4.168" classname="com.guru99bank.web.LoginPageTest"/>
  <testcase name="verifNullValueLogin" time="2.826" classname="com.guru99bank.web.LoginPageTest"/>
  <testcase name="verifyValidLogin" time="5.381" classname="com.guru99bank.web.LoginPageTest"/>
  <testcase name="verifyLogout" time="2.029" classname="com.guru99bank.web.LoginPageTest"/>
</testsuite> <!-- Verify Login Feature -->
