<?xml version="1.0" encoding="UTF-8"?>
<!-- Generated by org.testng.reporters.JUnitXMLReporter -->
<testsuite hostname="L480-GUPATIL" ignored="0" name="Verify Manager Homepage" tests="4" failures="2" timestamp="20 Sep 2019 12:38:44 GMT" time="16.673" errors="0">
  <testcase name="verifyTitle" time="0.038" classname="com.guru99bank.web.ManagerHomePageTest">
    <skipped/>
  </testcase> <!-- verifyTitle -->
  <testcase name="verifyTitle" time="0.02" classname="com.guru99bank.web.ManagerHomePageTest">
    <skipped/>
  </testcase> <!-- verifyTitle -->
  <testcase name="verifyTitle" time="0.017" classname="com.guru99bank.web.ManagerHomePageTest">
    <failure type="java.lang.AssertionError" message="expected [ Guru99 Bank Manager HomePage ] but found [Guru99 Bank Manager HomePage]">
      <![CDATA[java.lang.AssertionError: expected [ Guru99 Bank Manager HomePage ] but found [Guru99 Bank Manager HomePage]
at com.guru99bank.web.ManagerHomePageTest.verifyTitle(ManagerHomePageTest.java:28)
at java.util.concurrent.FutureTask.run(FutureTask.java:266)
at java.util.concurrent.ThreadPoolExecutor.runWorker(ThreadPoolExecutor.java:1149)
at java.util.concurrent.ThreadPoolExecutor$Worker.run(ThreadPoolExecutor.java:624)
at java.lang.Thread.run(Thread.java:748)
... Removed 22 stack frames]]>
    </failure>
  </testcase> <!-- verifyTitle -->
  <testcase name="verifyTitle" time="0.081" classname="com.guru99bank.web.ManagerHomePageTest">
    <failure type="java.lang.NullPointerException">
      <![CDATA[java.lang.NullPointerException
at resources.base.getScreenshot(base.java:106)
at resources.Listeners.onTestFailure(Listeners.java:28)
at java.util.concurrent.FutureTask.run(FutureTask.java:266)
at java.util.concurrent.ThreadPoolExecutor.runWorker(ThreadPoolExecutor.java:1149)
at java.util.concurrent.ThreadPoolExecutor$Worker.run(ThreadPoolExecutor.java:624)
at java.lang.Thread.run(Thread.java:748)
... Removed 13 stack frames]]>
    </failure>
  </testcase> <!-- verifyTitle -->
</testsuite> <!-- Verify Manager Homepage -->
